# JRE version: Java(TM) SE Runtime Environment (8.0_74-b02) (build 1.8.0_74-b02)
# Java VM: Java HotSpot(TM) 64-Bit Server VM (25.74-b02 mixed mode bsd-amd64 compressed oops)
Heap:
 PSYoungGen      total 318464K, used 203009K [0x0000000795580000, 0x00000007aec00000, 0x00000007c0000000)
  eden space 304128K, 66% used [0x0000000795580000,0x00000007a1bc05b8,0x00000007a7e80000)
  from space 14336K, 0% used [0x00000007a7e80000,0x00000007a7e80000,0x00000007a8c80000)
  to   space 15872K, 0% used [0x00000007adc80000,0x00000007adc80000,0x00000007aec00000)
 ParOldGen       total 113152K, used 30611K [0x0000000740000000, 0x0000000746e80000, 0x0000000795580000)
  object space 113152K, 27% used [0x0000000740000000,0x0000000741de4c10,0x0000000746e80000)
 Metaspace       used 63406K, capacity 66174K, committed 66304K, reserved 1105920K
  class space    used 8474K, capacity 8958K, committed 8960K, reserved 1048576K
GC Heap History (10 events):
Event: 6.390 GC heap before
{Heap before GC invocations=10 (full 1):
 PSYoungGen      total 226816K, used 68002K [0x0000000795580000, 0x00000007a4000000, 0x00000007c0000000)
  eden space 217600K, 27% used [0x0000000795580000,0x0000000798eeeae8,0x00000007a2a00000)
  from space 9216K, 99% used [0x00000007a3500000,0x00000007a3df9ef0,0x00000007a3e00000)
  to   space 11264K, 0% used [0x00000007a2a00000,0x00000007a2a00000,0x00000007a3500000)
 ParOldGen       total 51712K, used 8860K [0x0000000740000000, 0x0000000743280000, 0x0000000795580000)
  object space 51712K, 17% used [0x0000000740000000,0x00000007408a73d0,0x0000000743280000)
 Metaspace       used 33743K, capacity 35300K, committed 35456K, reserved 1079296K
  class space    used 4297K, capacity 4615K, committed 4736K, reserved 1048576K
Event: 6.411 GC heap after
Heap after GC invocations=10 (full 1):
 PSYoungGen      total 228864K, used 11240K [0x0000000795580000, 0x00000007a9c80000, 0x00000007c0000000)
  eden space 217600K, 0% used [0x0000000795580000,0x0000000795580000,0x00000007a2a00000)
  from space 11264K, 99% used [0x00000007a2a00000,0x00000007a34fa348,0x00000007a3500000)
  to   space 13312K, 0% used [0x00000007a8f80000,0x00000007a8f80000,0x00000007a9c80000)
 ParOldGen       total 51712K, used 9992K [0x0000000740000000, 0x0000000743280000, 0x0000000795580000)
  object space 51712K, 19% used [0x0000000740000000,0x00000007409c2120,0x0000000743280000)
 Metaspace       used 33743K, capacity 35300K, committed 35456K, reserved 1079296K
  class space    used 4297K, capacity 4615K, committed 4736K, reserved 1048576K
}
Event: 6.411 GC heap before
{Heap before GC invocations=11 (full 2):
 PSYoungGen      total 228864K, used 11240K [0x0000000795580000, 0x00000007a9c80000, 0x00000007c0000000)
  eden space 217600K, 0% used [0x0000000795580000,0x0000000795580000,0x00000007a2a00000)
  from space 11264K, 99% used [0x00000007a2a00000,0x00000007a34fa348,0x00000007a3500000)
  to   space 13312K, 0% used [0x00000007a8f80000,0x00000007a8f80000,0x00000007a9c80000)
 ParOldGen       total 51712K, used 9992K [0x0000000740000000, 0x0000000743280000, 0x0000000795580000)
  object space 51712K, 19% used [0x0000000740000000,0x00000007409c2120,0x0000000743280000)
 Metaspace       used 33743K, capacity 35300K, committed 35456K, reserved 1079296K
  class space    used 4297K, capacity 4615K, committed 4736K, reserved 1048576K
Event: 6.491 GC heap after
Heap after GC invocations=11 (full 2):
 PSYoungGen      total 228864K, used 0K [0x0000000795580000, 0x00000007a9c80000, 0x00000007c0000000)
  eden space 217600K, 0% used [0x0000000795580000,0x0000000795580000,0x00000007a2a00000)
  from space 11264K, 0% used [0x00000007a2a00000,0x00000007a2a00000,0x00000007a3500000)
  to   space 13312K, 0% used [0x00000007a8f80000,0x00000007a8f80000,0x00000007a9c80000)
 ParOldGen       total 79360K, used 16405K [0x0000000740000000, 0x0000000744d80000, 0x0000000795580000)
  object space 79360K, 20% used [0x0000000740000000,0x0000000741005650,0x0000000744d80000)
 Metaspace       used 33743K, capacity 35300K, committed 35456K, reserved 1079296K
  class space    used 4297K, capacity 4615K, committed 4736K, reserved 1048576K
}
Event: 8.695 GC heap before
{Heap before GC invocations=12 (full 2):
 PSYoungGen      total 228864K, used 217600K [0x0000000795580000, 0x00000007a9c80000, 0x00000007c0000000)
  eden space 217600K, 100% used [0x0000000795580000,0x00000007a2a00000,0x00000007a2a00000)
  from space 11264K, 0% used [0x00000007a2a00000,0x00000007a2a00000,0x00000007a3500000)
  to   space 13312K, 0% used [0x00000007a8f80000,0x00000007a8f80000,0x00000007a9c80000)
 ParOldGen       total 79360K, used 16405K [0x0000000740000000, 0x0000000744d80000, 0x0000000795580000)
  object space 79360K, 20% used [0x0000000740000000,0x0000000741005650,0x0000000744d80000)
 Metaspace       used 44170K, capacity 45840K, committed 46080K, reserved 1089536K
  class space    used 5770K, capacity 6105K, committed 6144K, reserved 1048576K
Event: 8.710 GC heap after
Heap after GC invocations=12 (full 2):
 PSYoungGen      total 303616K, used 10878K [0x0000000795580000, 0x00000007a9a80000, 0x00000007c0000000)
  eden space 292352K, 0% used [0x0000000795580000,0x0000000795580000,0x00000007a7300000)
  from space 11264K, 96% used [0x00000007a8f80000,0x00000007a9a1fa48,0x00000007a9a80000)
  to   space 14336K, 0% used [0x00000007a7e80000,0x00000007a7e80000,0x00000007a8c80000)
 ParOldGen       total 79360K, used 16413K [0x0000000740000000, 0x0000000744d80000, 0x0000000795580000)
  object space 79360K, 20% used [0x0000000740000000,0x0000000741007650,0x0000000744d80000)
 Metaspace       used 44170K, capacity 45840K, committed 46080K, reserved 1089536K
  class space    used 5770K, capacity 6105K, committed 6144K, reserved 1048576K
}
Event: 11.320 GC heap before
{Heap before GC invocations=13 (full 2):
 PSYoungGen      total 303616K, used 247892K [0x0000000795580000, 0x00000007a9a80000, 0x00000007c0000000)
  eden space 292352K, 81% used [0x0000000795580000,0x00000007a3cf5638,0x00000007a7300000)
  from space 11264K, 96% used [0x00000007a8f80000,0x00000007a9a1fa48,0x00000007a9a80000)
  to   space 14336K, 0% used [0x00000007a7e80000,0x00000007a7e80000,0x00000007a8c80000)
 ParOldGen       total 79360K, used 16413K [0x0000000740000000, 0x0000000744d80000, 0x0000000795580000)
  object space 79360K, 20% used [0x0000000740000000,0x0000000741007650,0x0000000744d80000)
 Metaspace       used 56713K, capacity 59044K, committed 59096K, reserved 1099776K
  class space    used 7586K, capacity 8029K, committed 8064K, reserved 1048576K
Event: 11.340 GC heap after
Heap after GC invocations=13 (full 2):
 PSYoungGen      total 318464K, used 13604K [0x0000000795580000, 0x00000007aec00000, 0x00000007c0000000)
  eden space 304128K, 0% used [0x0000000795580000,0x0000000795580000,0x00000007a7e80000)
  from space 14336K, 94% used [0x00000007a7e80000,0x00000007a8bc9170,0x00000007a8c80000)
  to   space 15872K, 0% used [0x00000007adc80000,0x00000007adc80000,0x00000007aec00000)
 ParOldGen       total 79360K, used 19230K [0x0000000740000000, 0x0000000744d80000, 0x0000000795580000)
  object space 79360K, 24% used [0x0000000740000000,0x00000007412c79b0,0x0000000744d80000)
 Metaspace       used 56713K, capacity 59044K, committed 59096K, reserved 1099776K
  class space    used 7586K, capacity 8029K, committed 8064K, reserved 1048576K
}
Event: 11.340 GC heap before
{Heap before GC invocations=14 (full 3):
 PSYoungGen      total 318464K, used 13604K [0x0000000795580000, 0x00000007aec00000, 0x00000007c0000000)
  eden space 304128K, 0% used [0x0000000795580000,0x0000000795580000,0x00000007a7e80000)
  from space 14336K, 94% used [0x00000007a7e80000,0x00000007a8bc9170,0x00000007a8c80000)
  to   space 15872K, 0% used [0x00000007adc80000,0x00000007adc80000,0x00000007aec00000)
 ParOldGen       total 79360K, used 19230K [0x0000000740000000, 0x0000000744d80000, 0x0000000795580000)
  object space 79360K, 24% used [0x0000000740000000,0x00000007412c79b0,0x0000000744d80000)
 Metaspace       used 56713K, capacity 59044K, committed 59096K, reserved 1099776K
  class space    used 7586K, capacity 8029K, committed 8064K, reserved 1048576K
Event: 11.472 GC heap after
Heap after GC invocations=14 (full 3):
 PSYoungGen      total 318464K, used 0K [0x0000000795580000, 0x00000007aec00000, 0x00000007c0000000)
  eden space 304128K, 0% used [0x0000000795580000,0x0000000795580000,0x00000007a7e80000)
  from space 14336K, 0% used [0x00000007a7e80000,0x00000007a7e80000,0x00000007a8c80000)
  to   space 15872K, 0% used [0x00000007adc80000,0x00000007adc80000,0x00000007aec00000)
 ParOldGen       total 113152K, used 30611K [0x0000000740000000, 0x0000000746e80000, 0x0000000795580000)
  object space 113152K, 27% used [0x0000000740000000,0x0000000741de4c10,0x0000000746e80000)
 Metaspace       used 56713K, capacity 59044K, committed 59096K, reserved 1099776K
  class space    used 7586K, capacity 8029K, committed 8064K, reserved 1048576K
}

